This file contains any messages produced by compilers while
running configure, to aid debugging if configure makes a mistake.

It was created by tea configure X.XX, which was
generated by GNU Autoconf 2.69.  Invocation command line was

  $ ./configure 

## --------- ##
## Platform. ##
## --------- ##

hostname = ferris
uname -m = x86_64
uname -r = 3.18.6-1-ARCH
uname -s = Linux
uname -v = #1 SMP PREEMPT Sat Feb 7 08:44:05 CET 2015

/usr/bin/uname -p = unknown
/bin/uname -X     = unknown

/bin/arch              = unknown
/usr/bin/arch -k       = unknown
/usr/convex/getsysinfo = unknown
/usr/bin/hostinfo      = unknown
/bin/machine           = unknown
/usr/bin/oslevel       = unknown
/bin/universe          = unknown

PATH: ./
PATH: /usr/local/sbin
PATH: /usr/local/bin
PATH: /usr/bin
PATH: /usr/bin/site_perl
PATH: /usr/bin/vendor_perl
PATH: /usr/bin/core_perl
PATH: /home/b/tech/bin
PATH: .


## ----------- ##
## Core tests. ##
## ----------- ##

configure:2203: checking for gcc
configure:2219: found /usr/bin/gcc
configure:2230: result: gcc
configure:2459: checking for C compiler version
configure:2468: gcc --version >&5
gcc (GCC) 4.9.2 20150204 (prerelease)
Copyright (C) 2014 Free Software Foundation, Inc.
This is free software; see the source for copying conditions.  There is NO
warranty; not even for MERCHANTABILITY or FITNESS FOR A PARTICULAR PURPOSE.

configure:2479: $? = 0
configure:2468: gcc -v >&5
Using built-in specs.
COLLECT_GCC=gcc
COLLECT_LTO_WRAPPER=/usr/lib/gcc/x86_64-unknown-linux-gnu/4.9.2/lto-wrapper
Target: x86_64-unknown-linux-gnu
Configured with: /build/gcc/src/gcc-4.9-20150204/configure --prefix=/usr --libdir=/usr/lib --libexecdir=/usr/lib --mandir=/usr/share/man --infodir=/usr/share/info --with-bugurl=https://bugs.archlinux.org/ --enable-languages=c,c++,ada,fortran,go,lto,objc,obj-c++ --enable-shared --enable-threads=posix --with-system-zlib --enable-__cxa_atexit --disable-libunwind-exceptions --enable-clocale=gnu --disable-libstdcxx-pch --disable-libssp --enable-gnu-unique-object --enable-linker-build-id --enable-cloog-backend=isl --enable-lto --enable-plugin --enable-install-libiberty --with-linker-hash-style=gnu --disable-multilib --disable-werror --enable-checking=release
Thread model: posix
gcc version 4.9.2 20150204 (prerelease) (GCC) 
configure:2479: $? = 0
configure:2468: gcc -V >&5
gcc: error: unrecognized command line option '-V'
gcc: fatal error: no input files
compilation terminated.
configure:2479: $? = 1
configure:2468: gcc -qversion >&5
gcc: error: unrecognized command line option '-qversion'
gcc: fatal error: no input files
compilation terminated.
configure:2479: $? = 1
configure:2499: checking whether the C compiler works
configure:2521: gcc    conftest.c  >&5
configure:2525: $? = 0
configure:2573: result: yes
configure:2576: checking for C compiler default output file name
configure:2578: result: a.out
configure:2584: checking for suffix of executables
configure:2591: gcc -o conftest    conftest.c  >&5
configure:2595: $? = 0
configure:2617: result: 
configure:2639: checking whether we are cross compiling
configure:2647: gcc -o conftest    conftest.c  >&5
configure:2651: $? = 0
configure:2658: ./conftest
configure:2662: $? = 0
configure:2677: result: no
configure:2682: checking for suffix of object files
configure:2704: gcc -c   conftest.c >&5
configure:2708: $? = 0
configure:2729: result: o
configure:2733: checking whether we are using the GNU C compiler
configure:2752: gcc -c   conftest.c >&5
configure:2752: $? = 0
configure:2761: result: yes
configure:2770: checking whether gcc accepts -g
configure:2790: gcc -c -g  conftest.c >&5
configure:2790: $? = 0
configure:2831: result: yes
configure:2848: checking for gcc option to accept ISO C89
configure:2911: gcc  -c -g -O2  conftest.c >&5
configure:2911: $? = 0
configure:2924: result: none needed
configure:2953: checking for gcc option to support OpenMP
configure:2968: gcc -o conftest -g -O2   conftest.c  >&5
conftest.c:11:2: error: unknown type name 'choke'
  choke me
  ^
In file included from conftest.c:13:0:
/usr/lib/gcc/x86_64-unknown-linux-gnu/4.9.2/include/omp.h:34:1: error: expected '=', ',', ';', 'asm' or '__attribute__' before 'typedef'
 typedef struct
 ^
configure:2968: $? = 1
configure: failed program was:
| /* confdefs.h */
| #define PACKAGE_NAME "tea"
| #define PACKAGE_TARNAME "tea"
| #define PACKAGE_VERSION "X.XX"
| #define PACKAGE_STRING "tea X.XX"
| #define PACKAGE_BUGREPORT "ben.klemens@census.gov"
| #define PACKAGE_URL ""
| /* end confdefs.h.  */
| 
| #ifndef _OPENMP
|  choke me
| #endif
| #include <omp.h>
| int main () { return omp_get_num_threads (); }
| 
configure:2986: gcc -o conftest -g -O2 -fopenmp   conftest.c  >&5
configure:2986: $? = 0
configure:3000: result: -fopenmp
configure:3037: checking for cos in -lm
configure:3062: gcc -o conftest -g -O2   conftest.c -lm   >&5
conftest.c:16:6: warning: conflicting types for built-in function 'cos'
 char cos ();
      ^
configure:3062: $? = 0
configure:3071: result: yes
configure:3084: checking for cblas_dgemm in -lgslcblas
configure:3109: gcc -o conftest -g -O2   conftest.c -lgslcblas  -lm  >&5
configure:3109: $? = 0
configure:3118: result: yes
configure:3129: checking for gsl_blas_dgemm in -lgsl
configure:3154: gcc -o conftest -g -O2   conftest.c -lgsl  -lgslcblas -lm  >&5
configure:3154: $? = 0
configure:3163: result: yes
configure:3177: checking for sqlite3_exec in -lsqlite3
configure:3202: gcc -o conftest -g -O2   conftest.c -lsqlite3  -lgsl -lgslcblas -lm  >&5
configure:3202: $? = 0
configure:3211: result: yes
configure:3222: checking for apop_data_alloc_base in -lapophenia
configure:3247: gcc -o conftest -g -O2   conftest.c -lapophenia  -lsqlite3 -lgsl -lgslcblas -lm  >&5
configure:3247: $? = 0
configure:3256: result: yes
configure:3305: checking how to run the C preprocessor
configure:3336: gcc -E  conftest.c
configure:3336: $? = 0
configure:3350: gcc -E  conftest.c
conftest.c:14:28: fatal error: ac_nonexistent.h: No such file or directory
 #include <ac_nonexistent.h>
                            ^
compilation terminated.
configure:3350: $? = 1
configure: failed program was:
| /* confdefs.h */
| #define PACKAGE_NAME "tea"
| #define PACKAGE_TARNAME "tea"
| #define PACKAGE_VERSION "X.XX"
| #define PACKAGE_STRING "tea X.XX"
| #define PACKAGE_BUGREPORT "ben.klemens@census.gov"
| #define PACKAGE_URL ""
| #define HAVE_LIBM 1
| #define HAVE_LIBGSLCBLAS 1
| #define HAVE_LIBGSL 1
| #define HAVE_LIBSQLITE3 1
| #define HAVE_LIBAPOPHENIA 1
| /* end confdefs.h.  */
| #include <ac_nonexistent.h>
configure:3375: result: gcc -E
configure:3395: gcc -E  conftest.c
configure:3395: $? = 0
configure:3409: gcc -E  conftest.c
conftest.c:14:28: fatal error: ac_nonexistent.h: No such file or directory
 #include <ac_nonexistent.h>
                            ^
compilation terminated.
configure:3409: $? = 1
configure: failed program was:
| /* confdefs.h */
| #define PACKAGE_NAME "tea"
| #define PACKAGE_TARNAME "tea"
| #define PACKAGE_VERSION "X.XX"
| #define PACKAGE_STRING "tea X.XX"
| #define PACKAGE_BUGREPORT "ben.klemens@census.gov"
| #define PACKAGE_URL ""
| #define HAVE_LIBM 1
| #define HAVE_LIBGSLCBLAS 1
| #define HAVE_LIBGSL 1
| #define HAVE_LIBSQLITE3 1
| #define HAVE_LIBAPOPHENIA 1
| /* end confdefs.h.  */
| #include <ac_nonexistent.h>
configure:3438: checking for grep that handles long lines and -e
configure:3496: result: /usr/bin/grep
configure:3501: checking for egrep
configure:3563: result: /usr/bin/grep -E
configure:3568: checking for ANSI C header files
configure:3588: gcc -c -g -O2  conftest.c >&5
configure:3588: $? = 0
configure:3661: gcc -o conftest -g -O2   conftest.c -lapophenia -lsqlite3 -lgsl -lgslcblas -lm  >&5
configure:3661: $? = 0
configure:3661: ./conftest
configure:3661: $? = 0
configure:3672: result: yes
configure:3685: checking for sys/types.h
configure:3685: gcc -c -g -O2  conftest.c >&5
configure:3685: $? = 0
configure:3685: result: yes
configure:3685: checking for sys/stat.h
configure:3685: gcc -c -g -O2  conftest.c >&5
configure:3685: $? = 0
configure:3685: result: yes
configure:3685: checking for stdlib.h
configure:3685: gcc -c -g -O2  conftest.c >&5
configure:3685: $? = 0
configure:3685: result: yes
configure:3685: checking for string.h
configure:3685: gcc -c -g -O2  conftest.c >&5
configure:3685: $? = 0
configure:3685: result: yes
configure:3685: checking for memory.h
configure:3685: gcc -c -g -O2  conftest.c >&5
configure:3685: $? = 0
configure:3685: result: yes
configure:3685: checking for strings.h
configure:3685: gcc -c -g -O2  conftest.c >&5
configure:3685: $? = 0
configure:3685: result: yes
configure:3685: checking for inttypes.h
configure:3685: gcc -c -g -O2  conftest.c >&5
configure:3685: $? = 0
configure:3685: result: yes
configure:3685: checking for stdint.h
configure:3685: gcc -c -g -O2  conftest.c >&5
configure:3685: $? = 0
configure:3685: result: yes
configure:3685: checking for unistd.h
configure:3685: gcc -c -g -O2  conftest.c >&5
configure:3685: $? = 0
configure:3685: result: yes
configure:3697: checking for size_t
configure:3697: gcc -c -g -O2  conftest.c >&5
configure:3697: $? = 0
configure:3697: gcc -c -g -O2  conftest.c >&5
conftest.c: In function 'main':
conftest.c:60:21: error: expected expression before ')' token
 if (sizeof ((size_t)))
                     ^
configure:3697: $? = 1
configure: failed program was:
| /* confdefs.h */
| #define PACKAGE_NAME "tea"
| #define PACKAGE_TARNAME "tea"
| #define PACKAGE_VERSION "X.XX"
| #define PACKAGE_STRING "tea X.XX"
| #define PACKAGE_BUGREPORT "ben.klemens@census.gov"
| #define PACKAGE_URL ""
| #define HAVE_LIBM 1
| #define HAVE_LIBGSLCBLAS 1
| #define HAVE_LIBGSL 1
| #define HAVE_LIBSQLITE3 1
| #define HAVE_LIBAPOPHENIA 1
| #define STDC_HEADERS 1
| #define HAVE_SYS_TYPES_H 1
| #define HAVE_SYS_STAT_H 1
| #define HAVE_STDLIB_H 1
| #define HAVE_STRING_H 1
| #define HAVE_MEMORY_H 1
| #define HAVE_STRINGS_H 1
| #define HAVE_INTTYPES_H 1
| #define HAVE_STDINT_H 1
| #define HAVE_UNISTD_H 1
| /* end confdefs.h.  */
| #include <stdio.h>
| #ifdef HAVE_SYS_TYPES_H
| # include <sys/types.h>
| #endif
| #ifdef HAVE_SYS_STAT_H
| # include <sys/stat.h>
| #endif
| #ifdef STDC_HEADERS
| # include <stdlib.h>
| # include <stddef.h>
| #else
| # ifdef HAVE_STDLIB_H
| #  include <stdlib.h>
| # endif
| #endif
| #ifdef HAVE_STRING_H
| # if !defined STDC_HEADERS && defined HAVE_MEMORY_H
| #  include <memory.h>
| # endif
| # include <string.h>
| #endif
| #ifdef HAVE_STRINGS_H
| # include <strings.h>
| #endif
| #ifdef HAVE_INTTYPES_H
| # include <inttypes.h>
| #endif
| #ifdef HAVE_STDINT_H
| # include <stdint.h>
| #endif
| #ifdef HAVE_UNISTD_H
| # include <unistd.h>
| #endif
| int
| main ()
| {
| if (sizeof ((size_t)))
| 	    return 0;
|   ;
|   return 0;
| }
configure:3697: result: yes
configure:3710: checking for working alloca.h
configure:3727: gcc -o conftest -g -O2   conftest.c -lapophenia -lsqlite3 -lgsl -lgslcblas -lm  >&5
configure:3727: $? = 0
configure:3735: result: yes
configure:3743: checking for alloca
configure:3780: gcc -o conftest -g -O2   conftest.c -lapophenia -lsqlite3 -lgsl -lgslcblas -lm  >&5
configure:3780: $? = 0
configure:3788: result: yes
configure:3894: checking for ANSI C header files
configure:3998: result: yes
configure:4009: checking float.h usability
configure:4009: gcc -c -g -O2  conftest.c >&5
configure:4009: $? = 0
configure:4009: result: yes
configure:4009: checking float.h presence
configure:4009: gcc -E  conftest.c
configure:4009: $? = 0
configure:4009: result: yes
configure:4009: checking for float.h
configure:4009: result: yes
configure:4009: checking for inttypes.h
configure:4009: result: yes
configure:4009: checking for stdlib.h
configure:4009: result: yes
configure:4009: checking for string.h
configure:4009: result: yes
configure:4009: checking for unistd.h
configure:4009: result: yes
configure:4009: checking wchar.h usability
configure:4009: gcc -c -g -O2  conftest.c >&5
configure:4009: $? = 0
configure:4009: result: yes
configure:4009: checking wchar.h presence
configure:4009: gcc -E  conftest.c
configure:4009: $? = 0
configure:4009: result: yes
configure:4009: checking for wchar.h
configure:4009: result: yes
configure:4019: checking gsl/gsl_rng.h usability
configure:4019: gcc -c -g -O2  conftest.c >&5
configure:4019: $? = 0
configure:4019: result: yes
configure:4019: checking gsl/gsl_rng.h presence
configure:4019: gcc -E  conftest.c
configure:4019: $? = 0
configure:4019: result: yes
configure:4019: checking for gsl/gsl_rng.h
configure:4019: result: yes
configure:4027: checking sqlite3.h usability
configure:4027: gcc -c -g -O2  conftest.c >&5
configure:4027: $? = 0
configure:4027: result: yes
configure:4027: checking sqlite3.h presence
configure:4027: gcc -E  conftest.c
configure:4027: $? = 0
configure:4027: result: yes
configure:4027: checking for sqlite3.h
configure:4027: result: yes
configure:4035: checking apop.h usability
configure:4035: gcc -c -g -O2  conftest.c >&5
configure:4035: $? = 0
configure:4035: result: yes
configure:4035: checking apop.h presence
configure:4035: gcc -E  conftest.c
configure:4035: $? = 0
configure:4035: result: yes
configure:4035: checking for apop.h
configure:4035: result: yes
configure:4045: checking for an ANSI C-conforming const
configure:4111: gcc -c -g -O2  conftest.c >&5
configure:4111: $? = 0
configure:4118: result: yes
configure:4126: checking for inline
configure:4142: gcc -c -g -O2  conftest.c >&5
configure:4142: $? = 0
configure:4150: result: inline
configure:4168: checking for size_t
configure:4168: result: yes
configure:4179: checking whether struct tm is in sys/time.h or time.h
configure:4199: gcc -c -g -O2  conftest.c >&5
configure:4199: $? = 0
configure:4206: result: time.h
configure:4214: checking for ptrdiff_t
configure:4214: gcc -c -g -O2  conftest.c >&5
configure:4214: $? = 0
configure:4214: gcc -c -g -O2  conftest.c >&5
conftest.c: In function 'main':
conftest.c:69:24: error: expected expression before ')' token
 if (sizeof ((ptrdiff_t)))
                        ^
configure:4214: $? = 1
configure: failed program was:
| /* confdefs.h */
| #define PACKAGE_NAME "tea"
| #define PACKAGE_TARNAME "tea"
| #define PACKAGE_VERSION "X.XX"
| #define PACKAGE_STRING "tea X.XX"
| #define PACKAGE_BUGREPORT "ben.klemens@census.gov"
| #define PACKAGE_URL ""
| #define HAVE_LIBM 1
| #define HAVE_LIBGSLCBLAS 1
| #define HAVE_LIBGSL 1
| #define HAVE_LIBSQLITE3 1
| #define HAVE_LIBAPOPHENIA 1
| #define STDC_HEADERS 1
| #define HAVE_SYS_TYPES_H 1
| #define HAVE_SYS_STAT_H 1
| #define HAVE_STDLIB_H 1
| #define HAVE_STRING_H 1
| #define HAVE_MEMORY_H 1
| #define HAVE_STRINGS_H 1
| #define HAVE_INTTYPES_H 1
| #define HAVE_STDINT_H 1
| #define HAVE_UNISTD_H 1
| #define HAVE_ALLOCA_H 1
| #define HAVE_ALLOCA 1
| #define STDC_HEADERS 1
| #define HAVE_FLOAT_H 1
| #define HAVE_INTTYPES_H 1
| #define HAVE_STDLIB_H 1
| #define HAVE_STRING_H 1
| #define HAVE_UNISTD_H 1
| #define HAVE_WCHAR_H 1
| /* end confdefs.h.  */
| #include <stdio.h>
| #ifdef HAVE_SYS_TYPES_H
| # include <sys/types.h>
| #endif
| #ifdef HAVE_SYS_STAT_H
| # include <sys/stat.h>
| #endif
| #ifdef STDC_HEADERS
| # include <stdlib.h>
| # include <stddef.h>
| #else
| # ifdef HAVE_STDLIB_H
| #  include <stdlib.h>
| # endif
| #endif
| #ifdef HAVE_STRING_H
| # if !defined STDC_HEADERS && defined HAVE_MEMORY_H
| #  include <memory.h>
| # endif
| # include <string.h>
| #endif
| #ifdef HAVE_STRINGS_H
| # include <strings.h>
| #endif
| #ifdef HAVE_INTTYPES_H
| # include <inttypes.h>
| #endif
| #ifdef HAVE_STDINT_H
| # include <stdint.h>
| #endif
| #ifdef HAVE_UNISTD_H
| # include <unistd.h>
| #endif
| int
| main ()
| {
| if (sizeof ((ptrdiff_t)))
| 	    return 0;
|   ;
|   return 0;
| }
configure:4214: result: yes
configure:4228: checking for stdlib.h
configure:4228: result: yes
configure:4238: checking for GNU libc compatible malloc
configure:4262: gcc -o conftest -g -O2   conftest.c -lapophenia -lsqlite3 -lgsl -lgslcblas -lm  >&5
configure:4262: $? = 0
configure:4262: ./conftest
configure:4262: $? = 0
configure:4272: result: yes
configure:4295: checking for stdlib.h
configure:4295: result: yes
configure:4305: checking for GNU libc compatible realloc
configure:4329: gcc -o conftest -g -O2   conftest.c -lapophenia -lsqlite3 -lgsl -lgslcblas -lm  >&5
configure:4329: $? = 0
configure:4329: ./conftest
configure:4329: $? = 0
configure:4339: result: yes
configure:4360: checking for working strtod
configure:4401: gcc -o conftest -g -O2   conftest.c -lapophenia -lsqlite3 -lgsl -lgslcblas -lm  >&5
configure:4401: $? = 0
configure:4401: ./conftest
configure:4401: $? = 0
configure:4411: result: yes
configure:4476: checking for floor
configure:4476: gcc -o conftest -g -O2   conftest.c -lapophenia -lsqlite3 -lgsl -lgslcblas -lm  >&5
conftest.c:61:6: warning: conflicting types for built-in function 'floor'
 char floor ();
      ^
configure:4476: $? = 0
configure:4476: result: yes
configure:4476: checking for memset
configure:4476: gcc -o conftest -g -O2   conftest.c -lapophenia -lsqlite3 -lgsl -lgslcblas -lm  >&5
conftest.c:62:6: warning: conflicting types for built-in function 'memset'
 char memset ();
      ^
configure:4476: $? = 0
configure:4476: result: yes
configure:4476: checking for pow
configure:4476: gcc -o conftest -g -O2   conftest.c -lapophenia -lsqlite3 -lgsl -lgslcblas -lm  >&5
conftest.c:63:6: warning: conflicting types for built-in function 'pow'
 char pow ();
      ^
configure:4476: $? = 0
configure:4476: result: yes
configure:4476: checking for regcomp
configure:4476: gcc -o conftest -g -O2   conftest.c -lapophenia -lsqlite3 -lgsl -lgslcblas -lm  >&5
configure:4476: $? = 0
configure:4476: result: yes
configure:4476: checking for sqrt
configure:4476: gcc -o conftest -g -O2   conftest.c -lapophenia -lsqlite3 -lgsl -lgslcblas -lm  >&5
conftest.c:65:6: warning: conflicting types for built-in function 'sqrt'
 char sqrt ();
      ^
configure:4476: $? = 0
configure:4476: result: yes
configure:4476: checking for strcasecmp
configure:4476: gcc -o conftest -g -O2   conftest.c -lapophenia -lsqlite3 -lgsl -lgslcblas -lm  >&5
conftest.c:66:6: warning: conflicting types for built-in function 'strcasecmp'
 char strcasecmp ();
      ^
configure:4476: $? = 0
configure:4476: result: yes
configure:4645: creating ./config.status

## ---------------------- ##
## Running config.status. ##
## ---------------------- ##

This file was extended by tea config.status X.XX, which was
generated by GNU Autoconf 2.69.  Invocation command line was

  CONFIG_FILES    = 
  CONFIG_HEADERS  = 
  CONFIG_LINKS    = 
  CONFIG_COMMANDS = 
  $ ./config.status 

on ferris

config.status:729: creating src/Makevars

## ---------------- ##
## Cache variables. ##
## ---------------- ##

ac_cv_c_compiler_gnu=yes
ac_cv_c_const=yes
ac_cv_c_inline=inline
ac_cv_env_CC_set=
ac_cv_env_CC_value=
ac_cv_env_CFLAGS_set=
ac_cv_env_CFLAGS_value=
ac_cv_env_CPPFLAGS_set=
ac_cv_env_CPPFLAGS_value=
ac_cv_env_CPP_set=
ac_cv_env_CPP_value=
ac_cv_env_LDFLAGS_set=
ac_cv_env_LDFLAGS_value=
ac_cv_env_LIBS_set=
ac_cv_env_LIBS_value=
ac_cv_env_build_alias_set=
ac_cv_env_build_alias_value=
ac_cv_env_host_alias_set=
ac_cv_env_host_alias_value=
ac_cv_env_target_alias_set=
ac_cv_env_target_alias_value=
ac_cv_func_alloca_works=yes
ac_cv_func_floor=yes
ac_cv_func_malloc_0_nonnull=yes
ac_cv_func_memset=yes
ac_cv_func_pow=yes
ac_cv_func_realloc_0_nonnull=yes
ac_cv_func_regcomp=yes
ac_cv_func_sqrt=yes
ac_cv_func_strcasecmp=yes
ac_cv_func_strtod=yes
ac_cv_header_apop_h=yes
ac_cv_header_float_h=yes
ac_cv_header_gsl_gsl_rng_h=yes
ac_cv_header_inttypes_h=yes
ac_cv_header_memory_h=yes
ac_cv_header_sqlite3_h=yes
ac_cv_header_stdc=yes
ac_cv_header_stdint_h=yes
ac_cv_header_stdlib_h=yes
ac_cv_header_string_h=yes
ac_cv_header_strings_h=yes
ac_cv_header_sys_stat_h=yes
ac_cv_header_sys_types_h=yes
ac_cv_header_unistd_h=yes
ac_cv_header_wchar_h=yes
ac_cv_lib_apophenia_apop_data_alloc_base=yes
ac_cv_lib_gsl_gsl_blas_dgemm=yes
ac_cv_lib_gslcblas_cblas_dgemm=yes
ac_cv_lib_m_cos=yes
ac_cv_lib_sqlite3_sqlite3_exec=yes
ac_cv_objext=o
ac_cv_path_EGREP='/usr/bin/grep -E'
ac_cv_path_GREP=/usr/bin/grep
ac_cv_prog_CPP='gcc -E'
ac_cv_prog_ac_ct_CC=gcc
ac_cv_prog_c_openmp=-fopenmp
ac_cv_prog_cc_c89=
ac_cv_prog_cc_g=yes
ac_cv_struct_tm=time.h
ac_cv_type_ptrdiff_t=yes
ac_cv_type_size_t=yes
ac_cv_working_alloca_h=yes

## ----------------- ##
## Output variables. ##
## ----------------- ##

ALLOCA=''
CC='gcc'
CFLAGS='-g -O2'
CPP='gcc -E'
CPPFLAGS=''
DEFS='-DPACKAGE_NAME=\"tea\" -DPACKAGE_TARNAME=\"tea\" -DPACKAGE_VERSION=\"X.XX\" -DPACKAGE_STRING=\"tea\ X.XX\" -DPACKAGE_BUGREPORT=\"ben.klemens@census.gov\" -DPACKAGE_URL=\"\" -DHAVE_LIBM=1 -DHAVE_LIBGSLCBLAS=1 -DHAVE_LIBGSL=1 -DHAVE_LIBSQLITE3=1 -DHAVE_LIBAPOPHENIA=1 -DSTDC_HEADERS=1 -DHAVE_SYS_TYPES_H=1 -DHAVE_SYS_STAT_H=1 -DHAVE_STDLIB_H=1 -DHAVE_STRING_H=1 -DHAVE_MEMORY_H=1 -DHAVE_STRINGS_H=1 -DHAVE_INTTYPES_H=1 -DHAVE_STDINT_H=1 -DHAVE_UNISTD_H=1 -DHAVE_ALLOCA_H=1 -DHAVE_ALLOCA=1 -DSTDC_HEADERS=1 -DHAVE_FLOAT_H=1 -DHAVE_INTTYPES_H=1 -DHAVE_STDLIB_H=1 -DHAVE_STRING_H=1 -DHAVE_UNISTD_H=1 -DHAVE_WCHAR_H=1 -DHAVE_PTRDIFF_T=1 -DHAVE_STDLIB_H=1 -DHAVE_MALLOC=1 -DHAVE_STDLIB_H=1 -DHAVE_REALLOC=1 -DHAVE_FLOOR=1 -DHAVE_MEMSET=1 -DHAVE_POW=1 -DHAVE_REGCOMP=1 -DHAVE_SQRT=1 -DHAVE_STRCASECMP=1'
ECHO_C=''
ECHO_N='-n'
ECHO_T=''
EGREP='/usr/bin/grep -E'
EXEEXT=''
GREP='/usr/bin/grep'
LDFLAGS=''
LIBOBJS=''
LIBS='-lapophenia -lsqlite3 -lgsl -lgslcblas -lm '
LTLIBOBJS=''
OBJEXT='o'
OPENMP_CFLAGS='-fopenmp'
PACKAGE_BUGREPORT='ben.klemens@census.gov'
PACKAGE_NAME='tea'
PACKAGE_STRING='tea X.XX'
PACKAGE_TARNAME='tea'
PACKAGE_URL=''
PACKAGE_VERSION='X.XX'
PATH_SEPARATOR=':'
POW_LIB=''
SHELL='/bin/sh'
ac_ct_CC='gcc'
bindir='${exec_prefix}/bin'
build_alias=''
datadir='${datarootdir}'
datarootdir='${prefix}/share'
docdir='${datarootdir}/doc/${PACKAGE_TARNAME}'
dvidir='${docdir}'
exec_prefix='${prefix}'
host_alias=''
htmldir='${docdir}'
includedir='${prefix}/include'
infodir='${datarootdir}/info'
libdir='${exec_prefix}/lib'
libexecdir='${exec_prefix}/libexec'
localedir='${datarootdir}/locale'
localstatedir='${prefix}/var'
mandir='${datarootdir}/man'
oldincludedir='/usr/include'
pdfdir='${docdir}'
prefix='/usr'
program_transform_name='s,x,x,'
psdir='${docdir}'
sbindir='${exec_prefix}/sbin'
sharedstatedir='${prefix}/com'
sysconfdir='${prefix}/etc'
target_alias=''

## ----------- ##
## confdefs.h. ##
## ----------- ##

/* confdefs.h */
#define PACKAGE_NAME "tea"
#define PACKAGE_TARNAME "tea"
#define PACKAGE_VERSION "X.XX"
#define PACKAGE_STRING "tea X.XX"
#define PACKAGE_BUGREPORT "ben.klemens@census.gov"
#define PACKAGE_URL ""
#define HAVE_LIBM 1
#define HAVE_LIBGSLCBLAS 1
#define HAVE_LIBGSL 1
#define HAVE_LIBSQLITE3 1
#define HAVE_LIBAPOPHENIA 1
#define STDC_HEADERS 1
#define HAVE_SYS_TYPES_H 1
#define HAVE_SYS_STAT_H 1
#define HAVE_STDLIB_H 1
#define HAVE_STRING_H 1
#define HAVE_MEMORY_H 1
#define HAVE_STRINGS_H 1
#define HAVE_INTTYPES_H 1
#define HAVE_STDINT_H 1
#define HAVE_UNISTD_H 1
#define HAVE_ALLOCA_H 1
#define HAVE_ALLOCA 1
#define STDC_HEADERS 1
#define HAVE_FLOAT_H 1
#define HAVE_INTTYPES_H 1
#define HAVE_STDLIB_H 1
#define HAVE_STRING_H 1
#define HAVE_UNISTD_H 1
#define HAVE_WCHAR_H 1
#define HAVE_PTRDIFF_T 1
#define HAVE_STDLIB_H 1
#define HAVE_MALLOC 1
#define HAVE_STDLIB_H 1
#define HAVE_REALLOC 1
#define HAVE_FLOOR 1
#define HAVE_MEMSET 1
#define HAVE_POW 1
#define HAVE_REGCOMP 1
#define HAVE_SQRT 1
#define HAVE_STRCASECMP 1

configure: exit 0
